<?xml version="1.0" encoding="UTF-8"?>
<testsuite xmlns:xsi="http://www.w3.org/2001/XMLSchema-instance" xsi:noNamespaceSchemaLocation="https://maven.apache.org/surefire/maven-surefire-plugin/xsd/surefire-test-report.xsd" name="com.test.vincent.dubbo.user.AppTest" time="0.036" tests="1" errors="0" skipped="0" failures="0">
  <properties>
    <property name="gopherProxySet" value="false"/>
    <property name="awt.toolkit" value="sun.lwawt.macosx.LWCToolkit"/>
    <property name="java.specification.version" value="9"/>
    <property name="file.encoding.pkg" value="sun.io"/>
    <property name="sun.cpu.isalist" value=""/>
    <property name="sun.jnu.encoding" value="UTF-8"/>
    <property name="java.class.path" value="/Users/vincent/IdeaProjects/demo_dubbo/dubbo-user/provider/target/test-classes:/Users/vincent/IdeaProjects/demo_dubbo/dubbo-user/provider/target/classes:/Users/vincent/.m2/repository/junit/junit/4.11/junit-4.11.jar:/Users/vincent/.m2/repository/org/hamcrest/hamcrest-core/1.3/hamcrest-core-1.3.jar:/Users/vincent/IdeaProjects/demo_dubbo/dubbo-user/api/target/api-1.0-SNAPSHOT.jar:/Users/vincent/.m2/repository/com/github/sgroschupf/zkclient/0.1/zkclient-0.1.jar:/Users/vincent/.m2/repository/org/apache/zookeeper/zookeeper/3.3.3/zookeeper-3.3.3.jar:/Users/vincent/.m2/repository/jline/jline/0.9.94/jline-0.9.94.jar:/Users/vincent/.m2/repository/log4j/log4j/1.2.14/log4j-1.2.14.jar:/Users/vincent/.m2/repository/org/springframework/spring-core/4.2.5.RELEASE/spring-core-4.2.5.RELEASE.jar:/Users/vincent/.m2/repository/commons-logging/commons-logging/1.2/commons-logging-1.2.jar:/Users/vincent/.m2/repository/org/springframework/spring-beans/4.2.5.RELEASE/spring-beans-4.2.5.RELEASE.jar:/Users/vincent/.m2/repository/org/springframework/spring-context/4.2.5.RELEASE/spring-context-4.2.5.RELEASE.jar:/Users/vincent/.m2/repository/org/springframework/spring-aop/4.2.5.RELEASE/spring-aop-4.2.5.RELEASE.jar:/Users/vincent/.m2/repository/aopalliance/aopalliance/1.0/aopalliance-1.0.jar:/Users/vincent/.m2/repository/org/springframework/spring-expression/4.2.5.RELEASE/spring-expression-4.2.5.RELEASE.jar:/Users/vincent/.m2/repository/org/springframework/spring-context-support/4.2.5.RELEASE/spring-context-support-4.2.5.RELEASE.jar:/Users/vincent/.m2/repository/org/springframework/spring-orm/4.2.5.RELEASE/spring-orm-4.2.5.RELEASE.jar:/Users/vincent/.m2/repository/org/springframework/spring-jdbc/4.2.5.RELEASE/spring-jdbc-4.2.5.RELEASE.jar:/Users/vincent/.m2/repository/org/springframework/spring-tx/4.2.5.RELEASE/spring-tx-4.2.5.RELEASE.jar:/Users/vincent/.m2/repository/com/caucho/hessian/4.0.38/hessian-4.0.38.jar:/Users/vincent/.m2/repository/javax/servlet/servlet-api/2.5/servlet-api-2.5.jar:/Users/vincent/.m2/repository/org/mortbay/jetty/jetty/6.1.26/jetty-6.1.26.jar:/Users/vincent/.m2/repository/org/mortbay/jetty/jetty-util/6.1.26/jetty-util-6.1.26.jar:/Users/vincent/.m2/repository/org/mortbay/jetty/servlet-api/2.5-20081211/servlet-api-2.5-20081211.jar:/Users/vincent/.m2/repository/com/alibaba/dubbo/2.5.3/dubbo-2.5.3.jar:/Users/vincent/.m2/repository/org/javassist/javassist/3.15.0-GA/javassist-3.15.0-GA.jar:/Users/vincent/.m2/repository/org/jboss/netty/netty/3.2.5.Final/netty-3.2.5.Final.jar:"/>
    <property name="java.vm.vendor" value="Oracle Corporation"/>
    <property name="sun.arch.data.model" value="64"/>
    <property name="java.vendor.url" value="http://java.oracle.com/"/>
    <property name="user.timezone" value=""/>
    <property name="java.vm.specification.version" value="9"/>
    <property name="os.name" value="Mac OS X"/>
    <property name="sun.java.launcher" value="SUN_STANDARD"/>
    <property name="user.country" value="CN"/>
    <property name="sun.boot.library.path" value="/Library/Java/JavaVirtualMachines/jdk-9.0.1.jdk/Contents/Home/lib"/>
    <property name="sun.java.command" value="/Users/vincent/IdeaProjects/demo_dubbo/dubbo-user/provider/target/surefire/surefirebooter4755352674021266679.jar /Users/vincent/IdeaProjects/demo_dubbo/dubbo-user/provider/target/surefire 2018-05-04T14-32-40_305-jvmRun1 surefire5604219110966585048tmp surefire_1190240334750556048tmp"/>
    <property name="jdk.debug" value="release"/>
    <property name="surefire.test.class.path" value="/Users/vincent/IdeaProjects/demo_dubbo/dubbo-user/provider/target/test-classes:/Users/vincent/IdeaProjects/demo_dubbo/dubbo-user/provider/target/classes:/Users/vincent/.m2/repository/junit/junit/4.11/junit-4.11.jar:/Users/vincent/.m2/repository/org/hamcrest/hamcrest-core/1.3/hamcrest-core-1.3.jar:/Users/vincent/IdeaProjects/demo_dubbo/dubbo-user/api/target/api-1.0-SNAPSHOT.jar:/Users/vincent/.m2/repository/com/github/sgroschupf/zkclient/0.1/zkclient-0.1.jar:/Users/vincent/.m2/repository/org/apache/zookeeper/zookeeper/3.3.3/zookeeper-3.3.3.jar:/Users/vincent/.m2/repository/jline/jline/0.9.94/jline-0.9.94.jar:/Users/vincent/.m2/repository/log4j/log4j/1.2.14/log4j-1.2.14.jar:/Users/vincent/.m2/repository/org/springframework/spring-core/4.2.5.RELEASE/spring-core-4.2.5.RELEASE.jar:/Users/vincent/.m2/repository/commons-logging/commons-logging/1.2/commons-logging-1.2.jar:/Users/vincent/.m2/repository/org/springframework/spring-beans/4.2.5.RELEASE/spring-beans-4.2.5.RELEASE.jar:/Users/vincent/.m2/repository/org/springframework/spring-context/4.2.5.RELEASE/spring-context-4.2.5.RELEASE.jar:/Users/vincent/.m2/repository/org/springframework/spring-aop/4.2.5.RELEASE/spring-aop-4.2.5.RELEASE.jar:/Users/vincent/.m2/repository/aopalliance/aopalliance/1.0/aopalliance-1.0.jar:/Users/vincent/.m2/repository/org/springframework/spring-expression/4.2.5.RELEASE/spring-expression-4.2.5.RELEASE.jar:/Users/vincent/.m2/repository/org/springframework/spring-context-support/4.2.5.RELEASE/spring-context-support-4.2.5.RELEASE.jar:/Users/vincent/.m2/repository/org/springframework/spring-orm/4.2.5.RELEASE/spring-orm-4.2.5.RELEASE.jar:/Users/vincent/.m2/repository/org/springframework/spring-jdbc/4.2.5.RELEASE/spring-jdbc-4.2.5.RELEASE.jar:/Users/vincent/.m2/repository/org/springframework/spring-tx/4.2.5.RELEASE/spring-tx-4.2.5.RELEASE.jar:/Users/vincent/.m2/repository/com/caucho/hessian/4.0.38/hessian-4.0.38.jar:/Users/vincent/.m2/repository/javax/servlet/servlet-api/2.5/servlet-api-2.5.jar:/Users/vincent/.m2/repository/org/mortbay/jetty/jetty/6.1.26/jetty-6.1.26.jar:/Users/vincent/.m2/repository/org/mortbay/jetty/jetty-util/6.1.26/jetty-util-6.1.26.jar:/Users/vincent/.m2/repository/org/mortbay/jetty/servlet-api/2.5-20081211/servlet-api-2.5-20081211.jar:/Users/vincent/.m2/repository/com/alibaba/dubbo/2.5.3/dubbo-2.5.3.jar:/Users/vincent/.m2/repository/org/javassist/javassist/3.15.0-GA/javassist-3.15.0-GA.jar:/Users/vincent/.m2/repository/org/jboss/netty/netty/3.2.5.Final/netty-3.2.5.Final.jar:"/>
    <property name="sun.cpu.endian" value="little"/>
    <property name="user.home" value="/Users/vincent"/>
    <property name="user.language" value="zh"/>
    <property name="java.specification.vendor" value="Oracle Corporation"/>
    <property name="java.home" value="/Library/Java/JavaVirtualMachines/jdk-9.0.1.jdk/Contents/Home"/>
    <property name="file.separator" value="/"/>
    <property name="basedir" value="/Users/vincent/IdeaProjects/demo_dubbo/dubbo-user/provider"/>
    <property name="java.vm.compressedOopsMode" value="Zero based"/>
    <property name="line.separator" value="&#10;"/>
    <property name="java.vm.specification.vendor" value="Oracle Corporation"/>
    <property name="java.specification.name" value="Java Platform API Specification"/>
    <property name="java.awt.graphicsenv" value="sun.awt.CGraphicsEnvironment"/>
    <property name="surefire.real.class.path" value="/Users/vincent/IdeaProjects/demo_dubbo/dubbo-user/provider/target/surefire/surefirebooter4755352674021266679.jar"/>
    <property name="sun.management.compiler" value="HotSpot 64-Bit Tiered Compilers"/>
    <property name="java.runtime.version" value="9.0.1+11"/>
    <property name="user.name" value="vincent"/>
    <property name="path.separator" value=":"/>
    <property name="os.version" value="10.13.3"/>
    <property name="java.runtime.name" value="Java(TM) SE Runtime Environment"/>
    <property name="file.encoding" value="US-ASCII"/>
    <property name="java.vm.name" value="Java HotSpot(TM) 64-Bit Server VM"/>
    <property name="localRepository" value="/Users/vincent/.m2/repository"/>
    <property name="java.vendor.url.bug" value="http://bugreport.java.com/bugreport/"/>
    <property name="java.io.tmpdir" value="/var/folders/5x/03fy0jws031g_04grq9hgvjh0000gn/T/"/>
    <property name="idea.version" value="2017.3.2"/>
    <property name="java.version" value="9.0.1"/>
    <property name="user.dir" value="/Users/vincent/IdeaProjects/demo_dubbo/dubbo-user/provider"/>
    <property name="os.arch" value="x86_64"/>
    <property name="java.vm.specification.name" value="Java Virtual Machine Specification"/>
    <property name="java.awt.printerjob" value="sun.lwawt.macosx.CPrinterJob"/>
    <property name="sun.os.patch.level" value="unknown"/>
    <property name="java.library.path" value="/Users/vincent/Library/Java/Extensions:/Library/Java/Extensions:/Network/Library/Java/Extensions:/System/Library/Java/Extensions:/usr/lib/java:."/>
    <property name="java.vm.info" value="mixed mode"/>
    <property name="java.vendor" value="Oracle Corporation"/>
    <property name="java.vm.version" value="9.0.1+11"/>
    <property name="sun.io.unicode.encoding" value="UnicodeBig"/>
    <property name="java.class.version" value="53.0"/>
  </properties>
  <testcase name="shouldAnswerWithTrue" classname="com.test.vincent.dubbo.user.AppTest" time="0.001"/>
</testsuite>